<?xml version="1.0" encoding="UTF-8"?>
<!-- Generated by org.testng.reporters.JUnitReportReporter -->
<testsuite skipped="0" hostname="DESKTOP-3NCLSE7" name="TestCases.email_correct_password_wrong" tests="1" failures="0" timestamp="2020-02-13T17:36:14 IST" time="7.494" errors="0">
  <testcase name="testcase" time="7.494" classname="TestCases.email_correct_password_wrong"/>
  <system-out/>
</testsuite> <!-- TestCases.email_correct_password_wrong -->
