<?xml version="1.0" encoding="UTF-8"?>
<!-- Generated by org.testng.reporters.JUnitReportReporter -->
<testsuite skipped="0" hostname="DESKTOP-3NCLSE7" name="TestCases.email_password_equal" tests="1" failures="0" timestamp="2020-02-13T17:36:14 IST" time="26.265" errors="0">
  <testcase name="testcase" time="26.265" classname="TestCases.email_password_equal"/>
  <system-out/>
</testsuite> <!-- TestCases.email_password_equal -->
