<?xml version="1.0" encoding="UTF-8"?>
<!-- Generated by org.testng.reporters.JUnitReportReporter -->
<testsuite skipped="0" hostname="DESKTOP-3NCLSE7" name="TestCases.email_wrong_password_correct" tests="1" failures="0" timestamp="2020-02-18T16:59:13 IST" time="7.989" errors="0">
  <testcase name="testcase" time="7.989" classname="TestCases.email_wrong_password_correct"/>
  <system-out>
Browser is Maximized Navigating to the URL Entering email Id Entering Wrong Password Clicked on LogIn  </system-out>
</testsuite> <!-- TestCases.email_wrong_password_correct -->
