<?xml version="1.0" encoding="UTF-8"?>
<!-- Generated by org.testng.reporters.JUnitReportReporter -->
<testsuite skipped="0" hostname="DESKTOP-3NCLSE7" name="TestCases.email_password_equal" tests="1" failures="0" timestamp="2020-02-18T16:59:13 IST" time="45.040" errors="0">
  <testcase name="testcase" time="45.040" classname="TestCases.email_password_equal"/>
  <system-out>
Browser is Maximized Navigating to the URL Entering email Id Entering Correct Password Clicked on LogIn  </system-out>
</testsuite> <!-- TestCases.email_password_equal -->
