<?xml version="1.0" encoding="UTF-8"?>
<!-- Generated by org.testng.reporters.JUnitReportReporter -->
<testsuite skipped="0" hostname="DESKTOP-3NCLSE7" name="TestCases.no_email_password" tests="1" failures="0" timestamp="2020-02-18T16:59:14 IST" time="7.088" errors="0">
  <testcase name="testcase" time="7.088" classname="TestCases.no_email_password"/>
  <system-out/>
</testsuite> <!-- TestCases.no_email_password -->
