<?xml version="1.0" encoding="UTF-8"?>
<!-- Generated by org.testng.reporters.JUnitReportReporter -->
<testsuite skipped="0" hostname="DESKTOP-3NCLSE7" name="TestCases.email_reports" tests="1" failures="0" timestamp="2020-02-18T16:34:31 IST" time="1.169" errors="0">
  <testcase name="emailreportAPI" time="1.169" classname="TestCases.email_reports"/>
  <system-out/>
</testsuite> <!-- TestCases.email_reports -->
